d:\documents\visualstudio\labosi rv\3 - kamra kalibracija\labosi\labosi\debug\labosilv2.pch
d:\documents\visualstudio\labosi rv\3 - kamra kalibracija\labosi\labosi\debug\vc120.pdb
d:\documents\visualstudio\labosi rv\3 - kamra kalibracija\labosi\labosi\debug\vc120.idb
d:\documents\visualstudio\labosi rv\3 - kamra kalibracija\labosi\labosi\debug\stdafx.obj
d:\documents\visualstudio\labosi rv\3 - kamra kalibracija\labosi\labosi\debug\labosi.obj
d:\documents\visualstudio\labosi rv\4 - sift\labosi\labosi\debug\labosilv2.pch
d:\documents\visualstudio\labosi rv\4 - sift\labosi\labosi\debug\vc120.pdb
d:\documents\visualstudio\labosi rv\4 - sift\labosi\labosi\debug\vc120.idb
d:\documents\visualstudio\labosi rv\4 - sift\labosi\labosi\debug\stdafx.obj
d:\documents\visualstudio\labosi rv\4 - sift\labosi\labosi\debug\labosi.obj
d:\documents\visualstudio\labosi rv\3 - kamra kalibracija\labosi\debug\labosilv2.ilk
d:\documents\visualstudio\labosi rv\3 - kamra kalibracija\labosi\debug\labosilv2.exe
d:\documents\visualstudio\labosi rv\3 - kamra kalibracija\labosi\debug\labosilv2.pdb
d:\documents\visualstudio\labosi rv\4 - sift\labosi\debug\labosilv2.ilk
d:\documents\visualstudio\labosi rv\4 - sift\labosi\debug\labosilv2.exe
d:\documents\visualstudio\labosi rv\4 - sift\labosi\debug\labosilv2.pdb
d:\documents\visualstudio\labosi rv\4 - sift\labosi\labosi\debug\labosi.pch
d:\documents\visualstudio\labosi rv\4 - sift\labosi\labosi\debug\labosilv2.tlog\cl.command.1.tlog
d:\documents\visualstudio\labosi rv\4 - sift\labosi\labosi\debug\labosilv2.tlog\cl.read.1.tlog
d:\documents\visualstudio\labosi rv\4 - sift\labosi\labosi\debug\labosilv2.tlog\cl.write.1.tlog
d:\documents\visualstudio\labosi rv\4 - sift\labosi\labosi\debug\labosilv2.tlog\link.command.1.tlog
d:\documents\visualstudio\labosi rv\4 - sift\labosi\labosi\debug\labosilv2.tlog\link.read.1.tlog
d:\documents\visualstudio\labosi rv\4 - sift\labosi\labosi\debug\labosilv2.tlog\link.write.1.tlog
